<?xml version="1.0" encoding="UTF-8"?>
<!-- Generated by org.testng.reporters.JUnitXMLReporter -->
<testsuite ignored="2" hostname="DESKTOP-BO9JQS5" failures="0" tests="2" name="Test" time="66.909" errors="0" timestamp="2022-09-16T22:52:47 IST">
  <testcase classname="vTiger.OrgranisationTests.CreateOrgWithElectronicInvestor4Test" name="orgWithElectronicInvestorTest" time="20.508"/>
  <testcase classname="vTiger.OrgranisationTests.CreateOrgWithHealthcare4Test" name="orgWithHealthcareTest" time="21.027"/>
  <testcase classname="vTiger.GenericUtility.BaseClass" name="@AfterSuite asConfig" time="0.0">
    <ignored/>
  </testcase> <!-- @AfterSuite asConfig -->
  <testcase classname="vTiger.GenericUtility.BaseClass" name="@BeforeSuite bsConfig" time="0.0">
    <ignored/>
  </testcase> <!-- @BeforeSuite bsConfig -->
</testsuite> <!-- Test -->
