<?xml version="1.0" encoding="UTF-8"?>
<testng-results ignored="0" total="1" passed="1" failed="0" skipped="0">
  <reporter-output>
    <line>
      <![CDATA[----Connection to database established---]]>
    </line>
    <line>
      <![CDATA[chrome Browser is launched]]>
    </line>
    <line>
      <![CDATA[-----Login successfull-----]]>
    </line>
    <line>
      <![CDATA[-----Logout successfull-----]]>
    </line>
    <line>
      <![CDATA[----browser closed successfull------]]>
    </line>
    <line>
      <![CDATA[========Connection to database is closed======]]>
    </line>
  </reporter-output>
  <suite started-at="2022-09-16T22:53:48 IST" name="Default suite" finished-at="2022-09-16T22:54:22 IST" duration-ms="34347">
    <groups>
      <group name="RegressionSuite">
        <method signature="CreateOrgWithElectronicInvestor4Test.orgWithElectronicInvestorTest()[pri:0, instance:vTiger.OrgranisationTests.CreateOrgWithElectronicInvestor4Test@1afd44cb]" name="orgWithElectronicInvestorTest" class="vTiger.OrgranisationTests.CreateOrgWithElectronicInvestor4Test"/>
      </group> <!-- RegressionSuite -->
      <group name="SmokeSuite">
        <method signature="CreateOrgWithElectronicInvestor4Test.orgWithElectronicInvestorTest()[pri:0, instance:vTiger.OrgranisationTests.CreateOrgWithElectronicInvestor4Test@1afd44cb]" name="orgWithElectronicInvestorTest" class="vTiger.OrgranisationTests.CreateOrgWithElectronicInvestor4Test"/>
      </group> <!-- SmokeSuite -->
    </groups>
    <test started-at="2022-09-16T22:53:48 IST" name="Default test" finished-at="2022-09-16T22:54:22 IST" duration-ms="34347">
      <class name="vTiger.OrgranisationTests.CreateOrgWithElectronicInvestor4Test">
        <test-method is-config="true" signature="bsConfig()[pri:0, instance:vTiger.OrgranisationTests.CreateOrgWithElectronicInvestor4Test@1afd44cb]" started-at="2022-09-16T22:53:48 IST" name="bsConfig" finished-at="2022-09-16T22:53:48 IST" duration-ms="14" status="PASS">
          <reporter-output>
            <line>
              <![CDATA[----Connection to database established---]]>
            </line>
          </reporter-output>
        </test-method> <!-- bsConfig -->
        <test-method is-config="true" signature="bcConfig()[pri:0, instance:vTiger.OrgranisationTests.CreateOrgWithElectronicInvestor4Test@1afd44cb]" started-at="2022-09-16T22:53:49 IST" name="bcConfig" finished-at="2022-09-16T22:53:53 IST" duration-ms="4760" status="PASS">
          <reporter-output>
            <line>
              <![CDATA[chrome Browser is launched]]>
            </line>
          </reporter-output>
        </test-method> <!-- bcConfig -->
        <test-method is-config="true" signature="bmConfig()[pri:0, instance:vTiger.OrgranisationTests.CreateOrgWithElectronicInvestor4Test@1afd44cb]" started-at="2022-09-16T22:53:53 IST" name="bmConfig" finished-at="2022-09-16T22:53:58 IST" duration-ms="4407" status="PASS">
          <reporter-output>
            <line>
              <![CDATA[-----Login successfull-----]]>
            </line>
          </reporter-output>
        </test-method> <!-- bmConfig -->
        <test-method signature="orgWithElectronicInvestorTest()[pri:0, instance:vTiger.OrgranisationTests.CreateOrgWithElectronicInvestor4Test@1afd44cb]" started-at="2022-09-16T22:53:58 IST" name="orgWithElectronicInvestorTest" finished-at="2022-09-16T22:54:18 IST" duration-ms="20699" status="PASS">
          <reporter-output>
          </reporter-output>
        </test-method> <!-- orgWithElectronicInvestorTest -->
        <test-method is-config="true" signature="amConfig()[pri:0, instance:vTiger.OrgranisationTests.CreateOrgWithElectronicInvestor4Test@1afd44cb]" started-at="2022-09-16T22:54:18 IST" name="amConfig" finished-at="2022-09-16T22:54:22 IST" duration-ms="3462" status="PASS">
          <reporter-output>
            <line>
              <![CDATA[-----Logout successfull-----]]>
            </line>
          </reporter-output>
        </test-method> <!-- amConfig -->
        <test-method is-config="true" signature="acConfig()[pri:0, instance:vTiger.OrgranisationTests.CreateOrgWithElectronicInvestor4Test@1afd44cb]" started-at="2022-09-16T22:54:22 IST" name="acConfig" finished-at="2022-09-16T22:54:22 IST" duration-ms="316" status="PASS">
          <reporter-output>
            <line>
              <![CDATA[----browser closed successfull------]]>
            </line>
          </reporter-output>
        </test-method> <!-- acConfig -->
        <test-method is-config="true" signature="asConfig()[pri:0, instance:vTiger.OrgranisationTests.CreateOrgWithElectronicInvestor4Test@1afd44cb]" started-at="2022-09-16T22:54:23 IST" name="asConfig" finished-at="2022-09-16T22:54:23 IST" duration-ms="1" status="PASS">
          <reporter-output>
            <line>
              <![CDATA[========Connection to database is closed======]]>
            </line>
          </reporter-output>
        </test-method> <!-- asConfig -->
      </class> <!-- vTiger.OrgranisationTests.CreateOrgWithElectronicInvestor4Test -->
    </test> <!-- Default test -->
  </suite> <!-- Default suite -->
</testng-results>
